C:\Program Files\Microsoft Visual Studio\2022\Community\MSBuild\Microsoft\VC\v170\Microsoft.CppBuild.targets(538,5): warning MSB8028: 중간 디렉터리(C:\Programming_Study\Learning_CPlusPlus\Algorithm\Intermediate\Debug\)에 다른 프로젝트(Maze.vcxproj)에서 공유하는 파일이 포함되어 있습니다.  이로 인해 잘못된 정리 및 다시 빌드 동작이 수행될 수 있습니다.
  Algorithm.cpp
C:\Programming_Study\Learning_CPlusPlus\Algorithm\Algorithm\Sort.h(13,23): warning C4267: '초기화 중': 'size_t'에서 'int'(으)로 변환하면서 데이터가 손실될 수 있습니다.
  (소스 파일 'Algorithm.cpp'을(를) 컴파일하는 중)
  
C:\Programming_Study\Learning_CPlusPlus\Algorithm\Algorithm\Sort.h(13,15): warning C4267: '초기화 중': 'size_t'에서 'const int'(으)로 변환하면서 데이터가 손실될 수 있습니다.
  (소스 파일 'Algorithm.cpp'을(를) 컴파일하는 중)
  
C:\Programming_Study\Learning_CPlusPlus\Algorithm\Algorithm\Sort.h(35,23): warning C4267: '초기화 중': 'size_t'에서 'int'(으)로 변환하면서 데이터가 손실될 수 있습니다.
  (소스 파일 'Algorithm.cpp'을(를) 컴파일하는 중)
  
C:\Programming_Study\Learning_CPlusPlus\Algorithm\Algorithm\Sort.h(35,15): warning C4267: '초기화 중': 'size_t'에서 'const int'(으)로 변환하면서 데이터가 손실될 수 있습니다.
  (소스 파일 'Algorithm.cpp'을(를) 컴파일하는 중)
  
C:\Programming_Study\Learning_CPlusPlus\Algorithm\Algorithm\Sort.h(60,23): warning C4267: '초기화 중': 'size_t'에서 'int'(으)로 변환하면서 데이터가 손실될 수 있습니다.
  (소스 파일 'Algorithm.cpp'을(를) 컴파일하는 중)
  
C:\Programming_Study\Learning_CPlusPlus\Algorithm\Algorithm\Sort.h(60,15): warning C4267: '초기화 중': 'size_t'에서 'const int'(으)로 변환하면서 데이터가 손실될 수 있습니다.
  (소스 파일 'Algorithm.cpp'을(를) 컴파일하는 중)
  
C:\Programming_Study\Learning_CPlusPlus\Algorithm\Algorithm\Algorithm.cpp(10,12): warning C4244: '인수': 'time_t'에서 'unsigned int'(으)로 변환하면서 데이터가 손실될 수 있습니다.
C:\Programming_Study\Learning_CPlusPlus\Algorithm\Algorithm\Algorithm.cpp(19,33): warning C4267: '인수': 'size_t'에서 'int'(으)로 변환하면서 데이터가 손실될 수 있습니다.
  Sort.cpp
C:\Programming_Study\Learning_CPlusPlus\Algorithm\Algorithm\Sort.h(13,23): warning C4267: '초기화 중': 'size_t'에서 'int'(으)로 변환하면서 데이터가 손실될 수 있습니다.
  (소스 파일 'Sort.cpp'을(를) 컴파일하는 중)
  
C:\Programming_Study\Learning_CPlusPlus\Algorithm\Algorithm\Sort.h(13,15): warning C4267: '초기화 중': 'size_t'에서 'const int'(으)로 변환하면서 데이터가 손실될 수 있습니다.
  (소스 파일 'Sort.cpp'을(를) 컴파일하는 중)
  
C:\Programming_Study\Learning_CPlusPlus\Algorithm\Algorithm\Sort.h(35,23): warning C4267: '초기화 중': 'size_t'에서 'int'(으)로 변환하면서 데이터가 손실될 수 있습니다.
  (소스 파일 'Sort.cpp'을(를) 컴파일하는 중)
  
C:\Programming_Study\Learning_CPlusPlus\Algorithm\Algorithm\Sort.h(35,15): warning C4267: '초기화 중': 'size_t'에서 'const int'(으)로 변환하면서 데이터가 손실될 수 있습니다.
  (소스 파일 'Sort.cpp'을(를) 컴파일하는 중)
  
C:\Programming_Study\Learning_CPlusPlus\Algorithm\Algorithm\Sort.h(60,23): warning C4267: '초기화 중': 'size_t'에서 'int'(으)로 변환하면서 데이터가 손실될 수 있습니다.
  (소스 파일 'Sort.cpp'을(를) 컴파일하는 중)
  
C:\Programming_Study\Learning_CPlusPlus\Algorithm\Algorithm\Sort.h(60,15): warning C4267: '초기화 중': 'size_t'에서 'const int'(으)로 변환하면서 데이터가 손실될 수 있습니다.
  (소스 파일 'Sort.cpp'을(를) 컴파일하는 중)
  
  코드를 생성하고 있습니다...
  Algorithm.vcxproj -> C:\Programming_Study\Learning_CPlusPlus\Algorithm\Binaries\Algorithm.exe
