d:\dev\programming_study\learning_c++\learning_cplusplus\algorithm\intermediate\debug\vc143.pdb
d:\dev\programming_study\learning_c++\learning_cplusplus\algorithm\intermediate\debug\vc143.idb
d:\dev\programming_study\learning_c++\learning_cplusplus\algorithm\intermediate\debug\linearcustom.obj
d:\dev\programming_study\learning_c++\learning_cplusplus\algorithm\intermediate\debug\graphcustom.obj
d:\dev\programming_study\learning_c++\learning_cplusplus\algorithm\intermediate\debug\algorithm.obj
d:\dev\programming_study\learning_c++\learning_cplusplus\algorithm\intermediate\debug\treecustom.obj
d:\dev\programming_study\learning_c++\learning_cplusplus\algorithm\binaries\algorithm.exe
d:\dev\programming_study\learning_c++\learning_cplusplus\algorithm\binaries\algorithm.pdb
d:\dev\programming_study\learning_c++\learning_cplusplus\algorithm\intermediate\debug\algorithm.ilk
d:\dev\programming_study\learning_c++\learning_cplusplus\algorithm\intermediate\debug\board.obj
d:\dev\programming_study\learning_c++\learning_cplusplus\algorithm\intermediate\debug\consolehelper.obj
d:\dev\programming_study\learning_c++\learning_cplusplus\algorithm\intermediate\debug\maze.obj
d:\dev\programming_study\learning_c++\learning_cplusplus\algorithm\intermediate\debug\pch.obj
d:\dev\programming_study\learning_c++\learning_cplusplus\algorithm\intermediate\debug\player.obj
d:\dev\programming_study\learning_c++\learning_cplusplus\algorithm\intermediate\debug\maze.ilk
d:\dev\programming_study\learning_c++\learning_cplusplus\algorithm\intermediate\debug\maze.pch
d:\dev\programming_study\learning_c++\learning_cplusplus\algorithm\intermediate\debug\algorithm.vcxproj.filelistabsolute.txt
d:\dev\programming_study\learning_c++\learning_cplusplus\algorithm\intermediate\debug\algorithm.tlog\cl.command.1.tlog
d:\dev\programming_study\learning_c++\learning_cplusplus\algorithm\intermediate\debug\algorithm.tlog\cl.items.tlog
d:\dev\programming_study\learning_c++\learning_cplusplus\algorithm\intermediate\debug\algorithm.tlog\cl.read.1.tlog
d:\dev\programming_study\learning_c++\learning_cplusplus\algorithm\intermediate\debug\algorithm.tlog\cl.write.1.tlog
d:\dev\programming_study\learning_c++\learning_cplusplus\algorithm\intermediate\debug\algorithm.tlog\link.command.1.tlog
d:\dev\programming_study\learning_c++\learning_cplusplus\algorithm\intermediate\debug\algorithm.tlog\link.read.1.tlog
d:\dev\programming_study\learning_c++\learning_cplusplus\algorithm\intermediate\debug\algorithm.tlog\link.secondary.1.tlog
d:\dev\programming_study\learning_c++\learning_cplusplus\algorithm\intermediate\debug\algorithm.tlog\link.write.1.tlog
